<?xml version="1.0" encoding="UTF-8"?>
<!-- Generated by org.testng.reporters.JUnitReportReporter -->
<testsuite hostname="INGUEUCLP000666" name="com.test.ProjectTest" tests="2" failures="0" timestamp="19 Feb 2018 20:30:58 GMT" time="63.144" errors="0">
  <testcase name="testLoginIntoFreeCRM" time="38.261" classname="com.test.ProjectTest"/>
  <testcase name="testVerifyHomePageTitle" time="24.883" classname="com.test.ProjectTest"/>
</testsuite> <!-- com.test.ProjectTest -->
