<?xml version="1.0" encoding="UTF-8"?>
<!-- Generated by org.testng.reporters.JUnitReportReporter -->
<testsuite hostname="INGUEUCLP000666" name="com.test.ProjectTest" tests="2" failures="0" timestamp="19 Feb 2018 20:32:48 GMT" time="61.279" errors="0">
  <testcase name="testLoginIntoFreeCRM" time="34.546" classname="com.test.ProjectTest"/>
  <testcase name="testVerifyHomePageTitle" time="26.733" classname="com.test.ProjectTest"/>
</testsuite> <!-- com.test.ProjectTest -->
